
================================================================
======== txAdmin v6.0.1 atop fxserver 6551 Starting - 7/10/2023, 12:53:36 AM
================================================================
[00:56:17][rbtc26] created admins file
[00:57:24][rbtc26] Changing global settings via setup stepper and started Deployer.
[00:57:39][rbtc26] Setting recipe.
[01:08:09][rbtc26] Running recipe.
[01:13:46][rbtc26] Completed and committed server deploy.
[01:22:51][rbtc26] logged in via in-game ui

================================================================
======== txAdmin v6.0.1 atop fxserver 6551 Starting - 7/10/2023, 1:38:13 AM
================================================================
[01:43:21][rbtc26] logged in via in-game ui

================================================================
======== txAdmin v6.0.1 atop fxserver 6551 Starting - 7/10/2023, 2:09:54 AM
================================================================
[02:13:22][rbtc26] logged in via in-game ui

================================================================
======== txAdmin v6.0.1 atop fxserver 6551 Starting - 7/10/2023, 2:34:26 AM
================================================================
[02:36:25][rbtc26] logged in via in-game ui

================================================================
======== txAdmin v6.0.1 atop fxserver 6551 Starting - 7/10/2023, 2:45:37 AM
================================================================

================================================================
======== txAdmin v6.0.1 atop fxserver 6551 Starting - 7/10/2023, 2:47:02 AM
================================================================

================================================================
======== txAdmin v6.0.1 atop fxserver 6551 Starting - 7/10/2023, 2:47:29 AM
================================================================
[02:50:04][rbtc26] logged in via in-game ui

================================================================
======== txAdmin v6.0.1 atop fxserver 6551 Starting - 7/10/2023, 3:42:49 AM
================================================================
[03:45:55][rbtc26] logged in via in-game ui
