
================================================================
======== txAdmin Starting - 7/10/2023, 12:53:36 AM              
================================================================
[1:14:17 AM] txAdmin: Logger started
[1:21:56 AM] [aFDTG#1] RBTC: joined with identifiers [license:5a031a269c8c884aa5a34ec120a050af08a86ad7; live:844425606596419; discord:518881881953927178; fivem:1651917; license2:5a031a269c8c884aa5a34ec120a050af08a86ad7]

================================================================
======== txAdmin Starting - 7/10/2023, 1:38:13 AM               
================================================================
[1:38:55 AM] txAdmin: Logger started
[1:39:36 AM] [ULcM4#1] RBTC: joined with identifiers [license:5a031a269c8c884aa5a34ec120a050af08a86ad7; live:844425606596419; discord:518881881953927178; fivem:1651917; license2:5a031a269c8c884aa5a34ec120a050af08a86ad7]
[1:55:59 AM] [ULcM4#1] RBTC: disconnected (Exiting)

================================================================
======== txAdmin Starting - 7/10/2023, 2:09:54 AM               
================================================================
[2:10:11 AM] txAdmin: Logger started
[2:11:13 AM] [MjEPz#1] RBTC: joined with identifiers [license:5a031a269c8c884aa5a34ec120a050af08a86ad7; live:844425606596419; discord:518881881953927178; fivem:1651917; license2:5a031a269c8c884aa5a34ec120a050af08a86ad7]
[2:14:28 AM] [MjEPz#1] RBTC: said "//admin"

================================================================
======== txAdmin Starting - 7/10/2023, 2:34:26 AM               
================================================================
[2:34:47 AM] txAdmin: Logger started
[2:35:33 AM] [CwQ4d#1] RBTC: joined with identifiers [license:5a031a269c8c884aa5a34ec120a050af08a86ad7; live:844425606596419; discord:518881881953927178; fivem:1651917; license2:5a031a269c8c884aa5a34ec120a050af08a86ad7]
[2:42:03 AM] [CwQ4d#1] RBTC: disconnected (Exiting)

================================================================
======== txAdmin Starting - 7/10/2023, 2:45:37 AM               
================================================================

================================================================
======== txAdmin Starting - 7/10/2023, 2:47:02 AM               
================================================================

================================================================
======== txAdmin Starting - 7/10/2023, 2:47:29 AM               
================================================================
[2:47:42 AM] txAdmin: Logger started
[2:48:45 AM] [MqCb4#1] RBTC: joined with identifiers [license:5a031a269c8c884aa5a34ec120a050af08a86ad7; live:844425606596419; discord:518881881953927178; fivem:1651917; license2:5a031a269c8c884aa5a34ec120a050af08a86ad7]
[3:03:04 AM] [MqCb4#1] RBTC: disconnected (Exiting)

================================================================
======== txAdmin Starting - 7/10/2023, 3:42:49 AM               
================================================================
[3:43:39 AM] txAdmin: Logger started
[3:44:39 AM] [nrAWQ#1] RBTC: joined with identifiers [license:5a031a269c8c884aa5a34ec120a050af08a86ad7; live:844425606596419; discord:518881881953927178; fivem:1651917; license2:5a031a269c8c884aa5a34ec120a050af08a86ad7]
[3:48:56 AM] [nrAWQ#1] RBTC: disconnected (Exiting)
